\BOOKMARK [1][-]{section*.1}{\376\377\000A\000c\000k\000n\000o\000w\000l\000e\000d\000g\000e\000m\000e\000n\000t}{}% 1
\BOOKMARK [1][-]{section.1}{\376\377\000I\000n\000t\000r\000o\000d\000u\000c\000t\000i\000o\000n}{}% 2
\BOOKMARK [2][-]{subsection.1.1}{\376\377\000B\000a\000c\000k\000g\000r\000o\000u\000n\000d}{section.1}% 3
\BOOKMARK [2][-]{subsection.1.2}{\376\377\000P\000r\000o\000b\000l\000e\000m\000\040\000S\000t\000a\000t\000e\000m\000e\000n\000t}{section.1}% 4
\BOOKMARK [2][-]{subsection.1.3}{\376\377\000O\000b\000j\000e\000c\000t\000i\000v\000e\000s}{section.1}% 5
\BOOKMARK [2][-]{subsection.1.4}{\376\377\000S\000c\000o\000p\000e\000\040\000o\000f\000\040\000t\000h\000e\000\040\000P\000r\000o\000j\000e\000c\000t}{section.1}% 6
\BOOKMARK [2][-]{subsection.1.5}{\376\377\000R\000e\000s\000e\000a\000r\000c\000h\000\040\000M\000e\000t\000h\000o\000d\000o\000l\000o\000g\000y}{section.1}% 7
\BOOKMARK [1][-]{section.2}{\376\377\000L\000i\000t\000e\000r\000a\000t\000u\000r\000e\000\040\000r\000e\000v\000i\000e\000w\000\040\000\046\000\040\000T\000h\000e\000o\000r\000e\000t\000i\000c\000a\000l\000\040\000b\000a\000c\000k\000g\000r\000o\000u\000n\000d}{}% 8
\BOOKMARK [2][-]{subsection.2.1}{\376\377\000B\000l\000o\000c\000k\000c\000h\000a\000i\000n\000\040\000F\000u\000n\000d\000a\000m\000e\000n\000t\000a\000l\000s}{section.2}% 9
\BOOKMARK [3][-]{subsubsection.2.1.1}{\376\377\000D\000e\000c\000e\000n\000t\000r\000a\000l\000i\000z\000a\000t\000i\000o\000n}{subsection.2.1}% 10
\BOOKMARK [3][-]{subsubsection.2.1.2}{\376\377\000B\000l\000o\000c\000k\000s}{subsection.2.1}% 11
\BOOKMARK [3][-]{subsubsection.2.1.3}{\376\377\000H\000a\000s\000h\000i\000n\000g}{subsection.2.1}% 12
\BOOKMARK [3][-]{subsubsection.2.1.4}{\376\377\000C\000o\000n\000s\000e\000n\000s\000u\000s}{subsection.2.1}% 13
\BOOKMARK [2][-]{subsection.2.2}{\376\377\000S\000m\000a\000r\000t\000\040\000C\000o\000n\000t\000r\000a\000c\000t\000s}{section.2}% 14
\BOOKMARK [2][-]{subsection.2.3}{\376\377\000S\000o\000l\000i\000d\000i\000t\000y}{section.2}% 15
\BOOKMARK [3][-]{subsubsection.2.3.1}{\376\377\000G\000l\000o\000b\000a\000l\000\040\000V\000a\000r\000i\000a\000b\000l\000e\000s\000\040\000a\000n\000d\000\040\000m\000s\000g\000.\000s\000e\000n\000d\000e\000r}{subsection.2.3}% 16
\BOOKMARK [3][-]{subsubsection.2.3.2}{\376\377\000M\000a\000p\000p\000i\000n\000g\000s\000\040\000f\000o\000r\000\040\000D\000a\000t\000a\000\040\000S\000t\000o\000r\000a\000g\000e}{subsection.2.3}% 17
\BOOKMARK [3][-]{subsubsection.2.3.3}{\376\377\000S\000t\000a\000t\000e\000\040\000V\000a\000r\000i\000a\000b\000l\000e\000s\000\040\000a\000n\000d\000\040\000B\000l\000o\000c\000k\000c\000h\000a\000i\000n\000\040\000S\000t\000o\000r\000a\000g\000e}{subsection.2.3}% 18
\BOOKMARK [2][-]{subsection.2.4}{\376\377\000N\000o\000n\000-\000F\000u\000n\000g\000i\000b\000l\000e\000\040\000T\000o\000k\000e\000n\000\040\000\050\000N\000F\000T\000\051}{section.2}% 19
\BOOKMARK [3][-]{subsubsection.2.4.1}{\376\377\000T\000h\000e\000\040\000E\000R\000C\000-\0007\0002\0001\000\040\000T\000o\000k\000e\000n\000\040\000S\000t\000a\000n\000d\000a\000r\000d\000\040\000\046\000\040\000S\000o\000u\000l\000b\000o\000u\000n\000d\000\040\000\050\000S\000B\000T\000\051\000\040\000M\000o\000d\000i\000f\000i\000c\000a\000t\000i\000o\000n\000s}{subsection.2.4}% 20
\BOOKMARK [3][-]{subsubsection.2.4.2}{\376\377\000T\000o\000k\000e\000n\000\040\000M\000e\000t\000a\000d\000a\000t\000a\000,\000\040\000I\000P\000F\000S\000\040\000S\000c\000h\000e\000m\000a\000s\000,\000\040\000a\000n\000d\000\040\000D\000y\000n\000a\000m\000i\000c\000\040\000M\000a\000p\000p\000i\000n\000g\000\040\000S\000t\000a\000t\000e\000s}{subsection.2.4}% 21
\BOOKMARK [3][-]{subsubsection.2.4.3}{\376\377\000D\000u\000a\000l\000-\000K\000e\000y\000\040\000C\000r\000y\000p\000t\000o\000g\000r\000a\000p\000h\000i\000c\000\040\000O\000w\000n\000e\000r\000s\000h\000i\000p\000\040\000\046\000\040\000H\000a\000s\000h\000\040\000V\000e\000r\000i\000f\000i\000c\000a\000t\000i\000o\000n}{subsection.2.4}% 22
\BOOKMARK [2][-]{subsection.2.5}{\376\377\000A\000c\000a\000d\000e\000m\000i\000c\000\040\000C\000e\000r\000t\000i\000f\000i\000c\000a\000t\000e\000\040\000S\000y\000s\000t\000e\000m\000s}{section.2}% 23
\BOOKMARK [3][-]{subsubsection.2.5.1}{\376\377\000T\000r\000a\000d\000i\000t\000i\000o\000n\000a\000l\000\040\000A\000c\000a\000d\000e\000m\000i\000c\000\040\000V\000e\000r\000i\000f\000i\000c\000a\000t\000i\000o\000n\000\040\000P\000r\000o\000c\000e\000s\000s}{subsection.2.5}% 24
\BOOKMARK [3][-]{subsubsection.2.5.2}{\376\377\000B\000l\000o\000c\000k\000c\000h\000a\000i\000n\000-\000b\000a\000s\000e\000d\000\040\000V\000e\000r\000i\000f\000i\000c\000a\000t\000i\000o\000n\000\040\000A\000r\000c\000h\000i\000t\000e\000c\000t\000u\000r\000e\000s}{subsection.2.5}% 25
\BOOKMARK [2][-]{subsection.2.6}{\376\377\000E\000x\000i\000s\000t\000i\000n\000g\000\040\000R\000e\000s\000e\000a\000r\000c\000h\000\040\000P\000a\000p\000e\000r\000s}{section.2}% 26
\BOOKMARK [3][-]{subsubsection.2.6.1}{\376\377\000L\000i\000t\000e\000r\000a\000t\000u\000r\000e\000\040\000R\000e\000v\000i\000e\000w\000\040\000M\000a\000t\000r\000i\000x}{subsection.2.6}% 27
\BOOKMARK [3][-]{subsubsection.2.6.2}{\376\377\000I\000d\000e\000n\000t\000i\000f\000i\000e\000d\000\040\000R\000e\000s\000e\000a\000r\000c\000h\000\040\000G\000a\000p\000s\000\040\000a\000n\000d\000\040\000P\000r\000o\000p\000o\000s\000e\000d\000\040\000T\000e\000c\000h\000n\000i\000c\000a\000l\000\040\000S\000o\000l\000u\000t\000i\000o\000n\000s}{subsection.2.6}% 28
\BOOKMARK [1][-]{section.3}{\376\377\000S\000y\000s\000t\000e\000m\000\040\000a\000n\000a\000l\000y\000s\000i\000s\000\040\000\046\000\040\000D\000e\000s\000i\000g\000n}{}% 29
\BOOKMARK [2][-]{subsection.3.1}{\376\377\000P\000r\000o\000p\000o\000s\000e\000d\000\040\000S\000y\000s\000t\000e\000m}{section.3}% 30
\BOOKMARK [3][-]{subsubsection.3.1.1}{\376\377\000C\000o\000r\000e\000\040\000E\000n\000g\000i\000n\000e\000e\000r\000i\000n\000g\000\040\000C\000o\000m\000p\000o\000n\000e\000n\000t\000s}{subsection.3.1}% 31
\BOOKMARK [3][-]{subsubsection.3.1.2}{\376\377\000A\000d\000d\000e\000s\000s\000i\000n\000g\000\040\000E\000x\000i\000s\000t\000i\000n\000g\000\040\000L\000i\000m\000i\000t\000a\000t\000i\000o\000n\000s}{subsection.3.1}% 32
\BOOKMARK [3][-]{subsubsection.3.1.3}{\376\377\000C\000e\000r\000t\000i\000f\000i\000c\000a\000t\000e\000\040\000V\000e\000r\000i\000f\000i\000c\000a\000t\000i\000o\000n\000\040\000W\000o\000r\000k\000f\000l\000o\000w}{subsection.3.1}% 33
\BOOKMARK [2][-]{subsection.3.2}{\376\377\000A\000r\000c\000h\000i\000t\000e\000c\000t\000u\000r\000e\000\040\000D\000i\000a\000g\000r\000a\000m}{section.3}% 34
\BOOKMARK [2][-]{subsection.3.3}{\376\377\000U\000s\000e\000\040\000C\000a\000s\000e\000\040\000D\000i\000a\000g\000r\000a\000m}{section.3}% 35
\BOOKMARK [2][-]{subsection.3.4}{\376\377\000S\000e\000q\000u\000e\000n\000c\000e\000\040\000D\000i\000a\000g\000r\000a\000m}{section.3}% 36
\BOOKMARK [2][-]{subsection.3.5}{\376\377\000A\000c\000t\000i\000v\000i\000t\000y\000\040\000D\000i\000a\000g\000r\000a\000m}{section.3}% 37
\BOOKMARK [2][-]{subsection.3.6}{\376\377\000D\000a\000t\000a\000b\000a\000s\000e\000\040\000D\000i\000a\000g\000r\000a\000m}{section.3}% 38
\BOOKMARK [2][-]{subsection.3.7}{\376\377\000S\000m\000a\000r\000t\000\040\000C\000o\000n\000t\000r\000a\000c\000t\000\040\000D\000e\000s\000i\000g\000n}{section.3}% 39
\BOOKMARK [3][-]{subsubsection.3.7.1}{\376\377\000C\000o\000r\000e\000\040\000F\000u\000n\000c\000t\000i\000o\000n\000s}{subsection.3.7}% 40
\BOOKMARK [3][-]{subsubsection.3.7.2}{\376\377\000S\000o\000u\000l\000b\000o\000u\000n\000d\000\040\000E\000n\000f\000o\000r\000c\000e\000m\000e\000n\000t}{subsection.3.7}% 41
\BOOKMARK [1][-]{section.4}{\376\377\000I\000m\000p\000l\000e\000m\000e\000n\000t\000a\000t\000i\000o\000n}{}% 42
\BOOKMARK [2][-]{subsection.4.1}{\376\377\000D\000e\000v\000e\000l\000o\000p\000m\000e\000n\000t\000\040\000E\000n\000v\000i\000r\000o\000n\000m\000e\000n\000t}{section.4}% 43
\BOOKMARK [2][-]{subsection.4.2}{\376\377\000S\000m\000a\000r\000t\000\040\000C\000o\000n\000t\000r\000a\000c\000t\000\040\000I\000m\000p\000l\000e\000m\000e\000n\000t\000a\000t\000i\000o\000n}{section.4}% 44
\BOOKMARK [2][-]{subsection.4.3}{\376\377\000F\000r\000o\000n\000t\000-\000e\000n\000d\000\040\000I\000m\000p\000l\000e\000m\000e\000n\000t\000a\000t\000i\000o\000n}{section.4}% 45
\BOOKMARK [3][-]{subsubsection.4.3.1}{\376\377\000A\000d\000m\000i\000n\000\040\000C\000o\000n\000s\000o\000l\000e\000\040\000-\000\040\000C\000r\000e\000a\000t\000e\000\040\000S\000t\000u\000d\000e\000n\000t\000\040\000A\000c\000c\000o\000u\000n\000t}{subsection.4.3}% 46
\BOOKMARK [3][-]{subsubsection.4.3.2}{\376\377\000S\000t\000u\000d\000e\000n\000t\000\040\000o\000n\000b\000o\000a\000r\000d\000\040\000e\000m\000a\000i\000l}{subsection.4.3}% 47
\BOOKMARK [3][-]{subsubsection.4.3.3}{\376\377\000S\000t\000u\000d\000e\000n\000t\000\040\000L\000o\000g\000i\000n}{subsection.4.3}% 48
\BOOKMARK [3][-]{subsubsection.4.3.4}{\376\377\000S\000t\000u\000d\000e\000n\000t\000\040\000s\000u\000b\000m\000i\000t\000s\000\040\000p\000e\000r\000s\000o\000n\000a\000l\000\040\000w\000a\000l\000l\000e\000t\000\040\000a\000d\000d\000r\000e\000s\000s}{subsection.4.3}% 49
\BOOKMARK [3][-]{subsubsection.4.3.5}{\376\377\000A\000d\000m\000i\000n\000\040\000C\000o\000n\000s\000o\000l\000e\000\040\000-\000\040\000C\000h\000e\000c\000k\000\040\000f\000o\000r\000\040\000g\000r\000a\000d\000u\000a\000t\000i\000o\000n}{subsection.4.3}% 50
\BOOKMARK [3][-]{subsubsection.4.3.6}{\376\377\000A\000d\000m\000i\000n\000\040\000C\000o\000n\000s\000o\000l\000e\000\040\000-\000\040\000M\000i\000n\000t\000\040\000g\000r\000a\000d\000u\000a\000t\000e\000\040\000c\000e\000r\000t\000i\000f\000i\000c\000a\000t\000e}{subsection.4.3}% 51
\BOOKMARK [3][-]{subsubsection.4.3.7}{\376\377\000C\000e\000r\000t\000i\000f\000i\000c\000a\000t\000e\000\040\000S\000e\000a\000r\000c\000h}{subsection.4.3}% 52
\BOOKMARK [2][-]{subsection.4.4}{\376\377\000B\000a\000c\000k\000-\000e\000n\000d\000\040\000A\000P\000I}{section.4}% 53
\BOOKMARK [2][-]{subsection.4.5}{\376\377\000I\000P\000F\000S\000\040\000I\000n\000t\000e\000g\000r\000a\000t\000i\000o\000n}{section.4}% 54
\BOOKMARK [2][-]{subsection.4.6}{\376\377\000W\000a\000l\000l\000e\000t\000\040\000I\000n\000t\000e\000g\000r\000a\000t\000i\000o\000n}{section.4}% 55
\BOOKMARK [2][-]{subsection.4.7}{\376\377\000S\000m\000a\000r\000t\000\040\000C\000o\000n\000t\000r\000a\000c\000t\000\040\000S\000e\000c\000u\000r\000i\000t\000y\000\040\000A\000n\000a\000l\000y\000s\000i\000s}{section.4}% 56
\BOOKMARK [3][-]{subsubsection.4.7.1}{\376\377\000U\000n\000a\000u\000t\000h\000o\000r\000i\000z\000e\000d\000\040\000M\000i\000n\000t\000i\000n\000g\000\040\000P\000r\000e\000v\000e\000n\000t\000i\000o\000n}{subsection.4.7}% 57
\BOOKMARK [3][-]{subsubsection.4.7.2}{\376\377\000D\000u\000p\000l\000i\000c\000a\000t\000e\000\040\000C\000e\000r\000t\000i\000f\000i\000c\000a\000t\000e\000\040\000P\000r\000e\000v\000e\000n\000t\000i\000o\000n}{subsection.4.7}% 58
\BOOKMARK [3][-]{subsubsection.4.7.3}{\376\377\000S\000o\000u\000l\000b\000o\000u\000n\000d\000\040\000E\000n\000f\000o\000r\000c\000e\000m\000e\000n\000t}{subsection.4.7}% 59
\BOOKMARK [3][-]{subsubsection.4.7.4}{\376\377\000H\000a\000s\000h\000\040\000T\000a\000m\000p\000e\000r\000i\000n\000g\000\040\000P\000r\000o\000t\000e\000c\000t\000i\000o\000n}{subsection.4.7}% 60
\BOOKMARK [3][-]{subsubsection.4.7.5}{\376\377\000W\000a\000l\000l\000e\000t\000\040\000O\000w\000n\000e\000r\000s\000h\000i\000p\000\040\000S\000e\000c\000u\000r\000i\000t\000y}{subsection.4.7}% 61
\BOOKMARK [2][-]{subsection.4.8}{\376\377\000D\000e\000p\000l\000o\000y\000m\000e\000n\000t\000\040\000P\000r\000o\000c\000e\000s\000s}{section.4}% 62
\BOOKMARK [3][-]{subsubsection.4.8.1}{\376\377\000H\000a\000r\000d\000h\000a\000t\000\040\000L\000o\000c\000a\000l\000\040\000D\000e\000p\000l\000o\000y\000m\000e\000n\000t}{subsection.4.8}% 63
\BOOKMARK [3][-]{subsubsection.4.8.2}{\376\377\000S\000m\000a\000r\000t\000\040\000C\000o\000n\000t\000r\000a\000c\000t\000\040\000C\000o\000m\000p\000i\000l\000a\000t\000i\000o\000n}{subsection.4.8}% 64
\BOOKMARK [3][-]{subsubsection.4.8.3}{\376\377\000S\000m\000a\000r\000t\000\040\000C\000o\000n\000t\000r\000a\000c\000t\000\040\000L\000e\000d\000g\000e\000r\000\040\000D\000e\000p\000l\000o\000y\000m\000e\000n\000t}{subsection.4.8}% 65
\BOOKMARK [3][-]{subsubsection.4.8.4}{\376\377\000E\000n\000v\000i\000r\000o\000n\000m\000e\000n\000t\000\040\000S\000y\000n\000c\000i\000n\000g\000\040\000a\000n\000d\000\040\000S\000y\000s\000t\000e\000m\000\040\000S\000t\000a\000t\000e\000\040\000C\000o\000n\000f\000i\000g\000u\000r\000a\000t\000i\000o\000n}{subsection.4.8}% 66
\BOOKMARK [3][-]{subsubsection.4.8.5}{\376\377\000F\000r\000o\000n\000t\000e\000n\000d\000\040\000s\000i\000d\000e\000\040\000f\000o\000r\000\040\000u\000s\000e\000r\000\040\000i\000n\000t\000e\000r\000f\000a\000c\000e}{subsection.4.8}% 67
\BOOKMARK [1][-]{section.5}{\376\377\000A\000I\000-\000A\000s\000s\000i\000s\000t\000e\000d\000\040\000N\000F\000T\000\040\000C\000e\000r\000t\000i\000f\000i\000c\000a\000t\000e\000\040\000V\000e\000r\000i\000f\000i\000c\000a\000t\000i\000o\000n}{}% 68
\BOOKMARK [2][-]{subsection.5.1}{\376\377\000A\000I\000\040\000A\000s\000i\000s\000s\000t\000a\000n\000t\000\040\000C\000o\000n\000c\000e\000p\000t}{section.5}% 69
\BOOKMARK [2][-]{subsection.5.2}{\376\377\000A\000I\000\040\000T\000e\000c\000h\000n\000o\000l\000o\000g\000y\000\040\000S\000t\000a\000c\000k}{section.5}% 70
\BOOKMARK [2][-]{subsection.5.3}{\376\377\000S\000y\000s\000t\000e\000m\000\040\000A\000r\000c\000h\000i\000t\000e\000c\000t\000u\000r\000e\000\040\000a\000n\000d\000\040\000W\000o\000r\000k\000f\000l\000o\000w}{section.5}% 71
\BOOKMARK [3][-]{subsubsection.5.3.1}{\376\377\000S\000t\000e\000p\000\040\0001\000\040\040\023\000\040\000C\000e\000r\000t\000i\000f\000i\000c\000a\000t\000e\000\040\000V\000e\000r\000i\000f\000i\000c\000a\000t\000i\000o\000n}{subsection.5.3}% 72
\BOOKMARK [3][-]{subsubsection.5.3.2}{\376\377\000S\000t\000e\000p\000\040\0002\000\040\040\023\000\040\000U\000s\000e\000r\000\040\000Q\000u\000e\000s\000t\000i\000o\000n\000\040\000S\000u\000b\000m\000i\000s\000s\000i\000o\000n}{subsection.5.3}% 73
\BOOKMARK [3][-]{subsubsection.5.3.3}{\376\377\000S\000t\000e\000p\000\040\0003\000\040\040\023\000\040\000C\000o\000n\000t\000e\000x\000t\000\040\000C\000o\000n\000s\000t\000r\000u\000c\000t\000i\000o\000n}{subsection.5.3}% 74
\BOOKMARK [3][-]{subsubsection.5.3.4}{\376\377\000S\000t\000e\000p\000\040\0004\000\040\040\023\000\040\000A\000I\000\040\000P\000r\000o\000c\000e\000s\000s\000i\000n\000g}{subsection.5.3}% 75
\BOOKMARK [3][-]{subsubsection.5.3.5}{\376\377\000S\000t\000e\000p\000\040\0005\000\040\040\023\000\040\000R\000e\000s\000p\000o\000n\000s\000e\000\040\000S\000t\000r\000e\000a\000m\000i\000n\000g}{subsection.5.3}% 76
\BOOKMARK [2][-]{subsection.5.4}{\376\377\000A\000I\000\040\000S\000e\000r\000v\000i\000c\000e\000\040\000I\000m\000p\000l\000e\000m\000e\000n\000t\000a\000t\000i\000o\000n}{section.5}% 77
\BOOKMARK [2][-]{subsection.5.5}{\376\377\000P\000r\000o\000m\000p\000t\000\040\000E\000n\000g\000i\000n\000e\000e\000r\000i\000n\000g\000\040\000a\000n\000d\000\040\000H\000a\000l\000l\000u\000c\000i\000n\000a\000t\000i\000o\000n\000\040\000M\000i\000t\000i\000g\000a\000t\000i\000o\000n}{section.5}% 78
\BOOKMARK [1][-]{section.6}{\376\377\000R\000e\000s\000u\000l\000t\000s\000\040\000\046\000\040\000C\000o\000n\000c\000l\000u\000s\000i\000o\000n}{}% 79
\BOOKMARK [2][-]{subsection.6.1}{\376\377\000P\000r\000o\000j\000e\000c\000t\000\040\000R\000e\000s\000u\000l\000t\000s}{section.6}% 80
\BOOKMARK [2][-]{subsection.6.2}{\376\377\000P\000r\000o\000j\000e\000c\000t\000\040\000A\000d\000v\000a\000n\000t\000a\000g\000e\000s}{section.6}% 81
\BOOKMARK [2][-]{subsection.6.3}{\376\377\000P\000r\000o\000j\000e\000c\000t\000\040\000L\000i\000m\000i\000t\000a\000t\000i\000o\000n\000s}{section.6}% 82
\BOOKMARK [2][-]{subsection.6.4}{\376\377\000F\000u\000t\000u\000r\000e\000\040\000W\000o\000r\000k}{section.6}% 83
\BOOKMARK [3][-]{subsubsection.6.4.1}{\376\377\000B\000l\000o\000c\000k\000c\000h\000a\000i\000n\000-\000B\000a\000s\000e\000d\000\040\000A\000c\000a\000d\000e\000m\000i\000c\000\040\000T\000r\000a\000n\000s\000c\000r\000i\000p\000t\000\040\000V\000e\000r\000i\000f\000i\000c\000a\000t\000i\000o\000n}{subsection.6.4}% 84
\BOOKMARK [3][-]{subsubsection.6.4.2}{\376\377\000I\000n\000s\000t\000i\000t\000u\000t\000i\000o\000n\000-\000S\000p\000e\000c\000i\000f\000i\000c\000\040\000L\000a\000r\000g\000e\000\040\000L\000a\000n\000g\000u\000a\000g\000e\000\040\000M\000o\000d\000e\000l\000\040\000D\000e\000v\000e\000l\000o\000p\000m\000e\000n\000t}{subsection.6.4}% 85
\BOOKMARK [2][-]{subsection.6.5}{\376\377\000S\000o\000u\000r\000c\000e\000\040\000C\000o\000d\000e\000\040\000R\000e\000p\000o\000s\000i\000t\000o\000r\000y}{section.6}% 86
\BOOKMARK [2][-]{subsection.6.6}{\376\377\000C\000o\000n\000c\000l\000u\000s\000i\000o\000n}{section.6}% 87
